<?xml version="1.0" encoding="UTF-8"?>
<!-- Generated by org.testng.reporters.JUnitXMLReporter -->
<testsuite ignored="0" hostname="DESKTOP-26A9125" failures="0" tests="3" name="Default test" time="9.607" errors="0" timestamp="2022-09-20T21:52:55 CEST">
  <testcase classname="p20_09_2022.KatalonShopTests" name="verifyErrorIsDisplayedWhenUsernameIsMissing" time="1.572"/>
  <testcase classname="p20_09_2022.KatalonShopTests" name="verifyErrorIsDisplayedWhenPasswordIsMissing" time="1.353"/>
  <testcase classname="p20_09_2022.KatalonShopTests" name="verifyErrorIsDisplayedWhenPasswordIsWrong" time="1.412"/>
</testsuite> <!-- Default test -->
