<?xml version="1.0" encoding="UTF-8"?>
<testng-results ignored="0" total="3" passed="3" failed="0" skipped="0">
  <reporter-output>
  </reporter-output>
  <suite started-at="2022-09-20T21:52:46 CEST" name="Default suite" finished-at="2022-09-20T21:52:55 CEST" duration-ms="9607">
    <groups>
    </groups>
    <test started-at="2022-09-20T21:52:46 CEST" name="Default test" finished-at="2022-09-20T21:52:55 CEST" duration-ms="9607">
      <class name="p20_09_2022.KatalonShopTests">
        <test-method is-config="true" signature="setup()[pri:0, instance:p20_09_2022.KatalonShopTests@384ad17b]" started-at="2022-09-20T21:52:46 CEST" name="setup" finished-at="2022-09-20T21:52:47 CEST" duration-ms="1384" status="PASS">
          <reporter-output>
          </reporter-output>
        </test-method> <!-- setup -->
        <test-method is-config="true" signature="beforeMethod()[pri:0, instance:p20_09_2022.KatalonShopTests@384ad17b]" started-at="2022-09-20T21:52:47 CEST" name="beforeMethod" finished-at="2022-09-20T21:52:50 CEST" duration-ms="2452" status="PASS">
          <reporter-output>
          </reporter-output>
        </test-method> <!-- beforeMethod -->
        <test-method signature="verifyErrorIsDisplayedWhenUsernameIsMissing()[pri:30, instance:p20_09_2022.KatalonShopTests@384ad17b]" started-at="2022-09-20T21:52:50 CEST" name="verifyErrorIsDisplayedWhenUsernameIsMissing" finished-at="2022-09-20T21:52:51 CEST" duration-ms="1572" status="PASS">
          <reporter-output>
          </reporter-output>
        </test-method> <!-- verifyErrorIsDisplayedWhenUsernameIsMissing -->
        <test-method is-config="true" signature="afterMethod()[pri:0, instance:p20_09_2022.KatalonShopTests@384ad17b]" started-at="2022-09-20T21:52:51 CEST" name="afterMethod" finished-at="2022-09-20T21:52:51 CEST" duration-ms="0" status="PASS">
          <reporter-output>
          </reporter-output>
        </test-method> <!-- afterMethod -->
        <test-method is-config="true" signature="beforeMethod()[pri:0, instance:p20_09_2022.KatalonShopTests@384ad17b]" started-at="2022-09-20T21:52:51 CEST" name="beforeMethod" finished-at="2022-09-20T21:52:52 CEST" duration-ms="645" status="PASS">
          <reporter-output>
          </reporter-output>
        </test-method> <!-- beforeMethod -->
        <test-method signature="verifyErrorIsDisplayedWhenPasswordIsMissing()[pri:40, instance:p20_09_2022.KatalonShopTests@384ad17b]" started-at="2022-09-20T21:52:52 CEST" name="verifyErrorIsDisplayedWhenPasswordIsMissing" finished-at="2022-09-20T21:52:53 CEST" duration-ms="1353" status="PASS">
          <reporter-output>
          </reporter-output>
        </test-method> <!-- verifyErrorIsDisplayedWhenPasswordIsMissing -->
        <test-method is-config="true" signature="afterMethod()[pri:0, instance:p20_09_2022.KatalonShopTests@384ad17b]" started-at="2022-09-20T21:52:53 CEST" name="afterMethod" finished-at="2022-09-20T21:52:53 CEST" duration-ms="1" status="PASS">
          <reporter-output>
          </reporter-output>
        </test-method> <!-- afterMethod -->
        <test-method is-config="true" signature="beforeMethod()[pri:0, instance:p20_09_2022.KatalonShopTests@384ad17b]" started-at="2022-09-20T21:52:53 CEST" name="beforeMethod" finished-at="2022-09-20T21:52:54 CEST" duration-ms="629" status="PASS">
          <reporter-output>
          </reporter-output>
        </test-method> <!-- beforeMethod -->
        <test-method signature="verifyErrorIsDisplayedWhenPasswordIsWrong()[pri:50, instance:p20_09_2022.KatalonShopTests@384ad17b]" started-at="2022-09-20T21:52:54 CEST" name="verifyErrorIsDisplayedWhenPasswordIsWrong" finished-at="2022-09-20T21:52:55 CEST" duration-ms="1412" status="PASS">
          <reporter-output>
          </reporter-output>
        </test-method> <!-- verifyErrorIsDisplayedWhenPasswordIsWrong -->
        <test-method is-config="true" signature="afterMethod()[pri:0, instance:p20_09_2022.KatalonShopTests@384ad17b]" started-at="2022-09-20T21:52:55 CEST" name="afterMethod" finished-at="2022-09-20T21:52:55 CEST" duration-ms="1" status="PASS">
          <reporter-output>
          </reporter-output>
        </test-method> <!-- afterMethod -->
        <test-method is-config="true" signature="afterClass()[pri:0, instance:p20_09_2022.KatalonShopTests@384ad17b]" started-at="2022-09-20T21:52:55 CEST" name="afterClass" finished-at="2022-09-20T21:52:55 CEST" duration-ms="127" status="PASS">
          <reporter-output>
          </reporter-output>
        </test-method> <!-- afterClass -->
      </class> <!-- p20_09_2022.KatalonShopTests -->
    </test> <!-- Default test -->
  </suite> <!-- Default suite -->
</testng-results>
